<?xml version="1.0" encoding="UTF-8"?>
<!-- Generated by org.testng.reporters.JUnitReportReporter -->
<testsuite hostname="Rameshwar" failures="0" tests="1" name="OrangeHRMTests.AutoItTool" time="44.868" errors="0" timestamp="31 Oct 2024 13:33:45 GMT" skipped="0">
  <testcase classname="OrangeHRMTests.AutoItTool" name="uploadFile" time="44.868"/>
</testsuite> <!-- OrangeHRMTests.AutoItTool -->
