<?xml version="1.0" encoding="UTF-8"?>
<!-- Generated by org.testng.reporters.JUnitReportReporter -->
<testsuite hostname="Rameshwar" failures="0" tests="1" name="OrangeHRM.OrangeHRM.Login" time="2.947" errors="0" timestamp="26 Oct 2024 14:20:55 GMT" skipped="0">
  <testcase classname="OrangeHRM.OrangeHRM.Login" name="enterUsernameAndPassword" time="2.947"/>
</testsuite> <!-- OrangeHRM.OrangeHRM.Login -->
