<?xml version="1.0" encoding="UTF-8"?>
<!-- Generated by org.testng.reporters.JUnitReportReporter -->
<testsuite hostname="Rameshwar" failures="0" tests="2" name="OrangeHRMTests.RegisterUser" time="3.897" errors="0" timestamp="31 Oct 2024 05:08:27 GMT" skipped="0">
  <testcase classname="OrangeHRMTests.RegisterUser" name="goToRegisterPage" time="3.193"/>
  <testcase classname="OrangeHRMTests.RegisterUser" name="addUserDetails" time="0.704"/>
</testsuite> <!-- OrangeHRMTests.RegisterUser -->
