<?xml version="1.0" encoding="UTF-8"?>
<!-- Generated by org.testng.reporters.JUnitReportReporter -->
<testsuite hostname="Rameshwar" failures="0" tests="2" name="OrangeHRM.OrangeHRM.Login" time="4.583" errors="0" timestamp="30 Oct 2024 13:14:26 GMT" skipped="0">
  <testcase classname="OrangeHRM.OrangeHRM.Login" name="loginToHomePage" time="4.565"/>
  <testcase classname="OrangeHRM.OrangeHRM.Login" name="getTitle" time="0.018"/>
</testsuite> <!-- OrangeHRM.OrangeHRM.Login -->
