<?xml version="1.0" encoding="UTF-8"?>
<!-- Generated by org.testng.reporters.JUnitReportReporter -->
<testsuite hostname="Rameshwar" failures="0" tests="5" name="OrangeHRMTests.Login" time="5.417" errors="0" timestamp="02 Nov 2024 10:17:35 GMT" skipped="0">
  <testcase classname="OrangeHRMTests.Login" name="verifyLoginBtnIsDisplayed" time="3.786"/>
  <testcase classname="OrangeHRMTests.Login" name="verifyRegisterBtnIsDisplayed" time="0.078"/>
  <testcase classname="OrangeHRMTests.Login" name="verifyUserAbleToLoginWithValidCred" time="0.757"/>
  <testcase classname="OrangeHRMTests.Login" name="verifyUserUnableToLoginWithInvalidEmail" time="0.513"/>
  <testcase classname="OrangeHRMTests.Login" name="verifyUserUnableToLoginWithInvalidPassword" time="0.283"/>
</testsuite> <!-- OrangeHRMTests.Login -->
